# JRE version: Java(TM) SE Runtime Environment (12.0.1+12) (build 12.0.1+12)
# Java VM: Java HotSpot(TM) 64-Bit Server VM (12.0.1+12, mixed mode, sharing, tiered, compressed oops, g1 gc, windows-amd64)
Heap:
 garbage-first heap   total 331776K, used 195178K [0x00000000e0000000, 0x0000000100000000)
  region size 1024K, 8 young (8192K), 6 survivors (6144K)
 Metaspace       used 103471K, capacity 106263K, committed 106460K, reserved 348160K
  class space    used 12395K, capacity 13382K, committed 13568K, reserved 253952K
GC Heap History (10 events):
Event: 13140.149 GC heap before
{Heap before GC invocations=62 (full 0):
 garbage-first heap   total 262144K, used 182031K [0x00000000e0000000, 0x0000000100000000)
  region size 1024K, 44 young (45056K), 2 survivors (2048K)
 Metaspace       used 102311K, capacity 105027K, committed 105564K, reserved 348160K
  class space    used 12248K, capacity 13208K, committed 13440K, reserved 253952K
}
Event: 13140.160 GC heap after
{Heap after GC invocations=63 (full 0):
 garbage-first heap   total 262144K, used 141307K [0x00000000e0000000, 0x0000000100000000)
  region size 1024K, 5 young (5120K), 5 survivors (5120K)
 Metaspace       used 102311K, capacity 105027K, committed 105564K, reserved 348160K
  class space    used 12248K, capacity 13208K, committed 13440K, reserved 253952K
}
Event: 13141.805 GC heap before
{Heap before GC invocations=63 (full 0):
 garbage-first heap   total 262144K, used 187387K [0x00000000e0000000, 0x0000000100000000)
  region size 1024K, 50 young (51200K), 5 survivors (5120K)
 Metaspace       used 102425K, capacity 105179K, committed 105564K, reserved 348160K
  class space    used 12257K, capacity 13213K, committed 13440K, reserved 253952K
}
Event: 13141.815 GC heap after
{Heap after GC invocations=64 (full 0):
 garbage-first heap   total 262144K, used 140291K [0x00000000e0000000, 0x0000000100000000)
  region size 1024K, 3 young (3072K), 3 survivors (3072K)
 Metaspace       used 102425K, capacity 105179K, committed 105564K, reserved 348160K
  class space    used 12257K, capacity 13213K, committed 13440K, reserved 253952K
}
Event: 13150.128 GC heap before
{Heap before GC invocations=64 (full 0):
 garbage-first heap   total 262144K, used 214019K [0x00000000e0000000, 0x0000000100000000)
  region size 1024K, 52 young (53248K), 3 survivors (3072K)
 Metaspace       used 103404K, capacity 106130K, committed 106460K, reserved 348160K
  class space    used 12391K, capacity 13380K, committed 13568K, reserved 253952K
}
Event: 13150.135 GC heap after
{Heap after GC invocations=65 (full 0):
 garbage-first heap   total 262144K, used 150142K [0x00000000e0000000, 0x0000000100000000)
  region size 1024K, 2 young (2048K), 2 survivors (2048K)
 Metaspace       used 103404K, capacity 106130K, committed 106460K, reserved 348160K
  class space    used 12391K, capacity 13380K, committed 13568K, reserved 253952K
}
Event: 13150.334 GC heap before
{Heap before GC invocations=65 (full 0):
 garbage-first heap   total 262144K, used 197246K [0x00000000e0000000, 0x0000000100000000)
  region size 1024K, 22 young (22528K), 2 survivors (2048K)
 Metaspace       used 103438K, capacity 106194K, committed 106460K, reserved 348160K
  class space    used 12391K, capacity 13380K, committed 13568K, reserved 253952K
}
Event: 13150.340 GC heap after
{Heap after GC invocations=66 (full 0):
 garbage-first heap   total 262144K, used 172132K [0x00000000e0000000, 0x0000000100000000)
  region size 1024K, 6 young (6144K), 6 survivors (6144K)
 Metaspace       used 103438K, capacity 106194K, committed 106460K, reserved 348160K
  class space    used 12391K, capacity 13380K, committed 13568K, reserved 253952K
}
Event: 13150.461 GC heap before
{Heap before GC invocations=66 (full 0):
 garbage-first heap   total 283648K, used 281700K [0x00000000e0000000, 0x0000000100000000)
  region size 1024K, 17 young (17408K), 6 survivors (6144K)
 Metaspace       used 103440K, capacity 106194K, committed 106460K, reserved 348160K
  class space    used 12391K, capacity 13380K, committed 13568K, reserved 253952K
}
Event: 13150.474 GC heap after
{Heap after GC invocations=67 (full 0):
 garbage-first heap   total 295936K, used 235114K [0x00000000e0000000, 0x0000000100000000)
  region size 1024K, 6 young (6144K), 6 survivors (6144K)
 Metaspace       used 103440K, capacity 106194K, committed 106460K, reserved 348160K
  class space    used 12391K, capacity 13380K, committed 13568K, reserved 253952K
}

